2026-01-19 22:34:38.789 [main] INFO  testCases.TC001_accountRegistration - ****Starting Test-Case****
2026-01-19 22:34:39.565 [main] INFO  testCases.TC001_accountRegistration - ****Opened homepage and clicked on register button****
2026-01-19 22:34:40.611 [main] INFO  testCases.TC001_accountRegistration - ****Sent user details for registration****
2026-01-19 22:37:54.894 [main] INFO  testCases.TC001_accountRegistration - ****Starting Test-Case****
2026-01-19 22:37:55.554 [main] INFO  testCases.TC001_accountRegistration - ****Opened homepage and clicked on register button****
2026-01-19 22:37:57.697 [main] INFO  testCases.TC001_accountRegistration - ****Sent user details for registration****
2026-01-19 22:37:57.742 [main] ERROR testCases.TC001_accountRegistration - Login failed due to:expected [Your Account Has Been Createdd!] but found [Your Account Has Been Created!]
2026-01-19 22:37:57.742 [main] INFO  testCases.TC001_accountRegistration - ****Finished Test-Case****
2026-01-19 22:39:50.676 [main] INFO  testCases.TC001_accountRegistration - ****Starting Test-Case****
2026-01-19 22:39:52.488 [main] INFO  testCases.TC001_accountRegistration - ****Opened homepage and clicked on register button****
2026-01-19 22:39:53.440 [main] INFO  testCases.TC001_accountRegistration - ****Sent user details for registration****
2026-01-19 22:39:54.378 [main] ERROR testCases.TC001_accountRegistration - Login failed due to:expected [Your Account Has Been Createdd!] but found [Your Account Has Been Created!]
2026-01-19 22:42:24.148 [main] INFO  testCases.TC001_accountRegistration - ****Starting Test-Case****
2026-01-19 22:42:24.862 [main] INFO  testCases.TC001_accountRegistration - ****Opened homepage and clicked on register button****
2026-01-19 22:42:27.110 [main] INFO  testCases.TC001_accountRegistration - ****Sent user details for registration****
2026-01-19 22:42:27.160 [main] ERROR testCases.TC001_accountRegistration - Login failed due to:expected [Your Account Has Been Createdd!] but found [Your Account Has Been Created!]
2026-01-19 22:42:27.161 [main] INFO  testCases.TC001_accountRegistration - ****Finished Test-Case****
2026-01-19 23:05:32.502 [main] INFO  testCases.TC001_accountRegistration - ****Starting Test-Case****
2026-01-19 23:05:33.209 [main] INFO  testCases.TC001_accountRegistration - ****Opened homepage and clicked on register button****
2026-01-19 23:05:34.535 [main] INFO  testCases.TC001_accountRegistration - ****Sent user details for registration****
2026-01-19 23:05:34.579 [main] ERROR testCases.TC001_accountRegistration - Login failed due to:expected [Your Account Has Been Createdd!] but found [Your Account Has Been Created!]
2026-01-19 23:05:34.579 [main] INFO  testCases.TC001_accountRegistration - ****Finished Test-Case****
2026-01-19 23:06:46.742 [main] INFO  testCases.TC001_accountRegistration - ****Starting Test-Case****
2026-01-19 23:06:49.284 [main] INFO  testCases.TC001_accountRegistration - ****Opened homepage and clicked on register button****
2026-01-19 23:06:52.669 [main] INFO  testCases.TC001_accountRegistration - ****Sent user details for registration****
2026-01-19 23:06:52.703 [main] INFO  testCases.TC001_accountRegistration - Login passed and account has been created
2026-01-19 23:06:52.704 [main] INFO  testCases.TC001_accountRegistration - ****Finished Test-Case****
2026-01-19 23:28:42.194 [main] INFO  testCases.TC001_accountRegistration - ****Starting Test-Case****
2026-01-19 23:28:44.399 [main] INFO  testCases.TC001_accountRegistration - ****Opened homepage and clicked on register button****
2026-01-19 23:28:46.242 [main] INFO  testCases.TC001_accountRegistration - ****Sent user details for registration****
2026-01-19 23:28:46.284 [main] INFO  testCases.TC001_accountRegistration - Login passed and account has been created
2026-01-19 23:28:46.284 [main] INFO  testCases.TC001_accountRegistration - ****Finished Test-Case****
2026-01-19 23:34:12.007 [main] INFO  testCases.TC001_accountRegistration - ****Starting Test-Case****
2026-01-19 23:34:12.787 [main] INFO  testCases.TC001_accountRegistration - ****Opened homepage and clicked on register button****
2026-01-19 23:34:15.137 [main] INFO  testCases.TC001_accountRegistration - ****Sent user details for registration****
2026-01-19 23:34:15.176 [main] INFO  testCases.TC001_accountRegistration - Login passed and account has been created
2026-01-19 23:34:15.179 [main] INFO  testCases.TC001_accountRegistration - ****Finished Test-Case****
2026-01-19 23:34:15.358 [main] INFO  testCases.TC001_accountRegistration - ****Starting Test-Case****
2026-01-19 23:34:15.359 [main] ERROR testCases.TC001_accountRegistration - Login failed due to:Cannot invoke "org.openqa.selenium.SearchContext.findElement(org.openqa.selenium.By)" because "this.searchContext" is null
2026-01-19 23:34:15.361 [main] INFO  testCases.TC001_accountRegistration - ****Finished Test-Case****
2026-01-19 23:34:19.171 [main] INFO  testCases.TC001_accountRegistration - ****Starting Test-Case****
2026-01-19 23:34:20.681 [main] INFO  testCases.TC001_accountRegistration - ****Opened homepage and clicked on register button****
2026-01-19 23:34:21.811 [main] INFO  testCases.TC001_accountRegistration - ****Sent user details for registration****
2026-01-19 23:34:21.826 [main] INFO  testCases.TC001_accountRegistration - Login passed and account has been created
2026-01-19 23:34:21.826 [main] INFO  testCases.TC001_accountRegistration - ****Finished Test-Case****
2026-01-19 23:35:29.951 [main] INFO  testCases.TC001_accountRegistration - ****Starting Test-Case****
2026-01-19 23:35:31.948 [main] INFO  testCases.TC001_accountRegistration - ****Opened homepage and clicked on register button****
2026-01-19 23:35:32.915 [main] INFO  testCases.TC001_accountRegistration - ****Sent user details for registration****
2026-01-19 23:35:33.822 [main] INFO  testCases.TC001_accountRegistration - Login passed and account has been created
2026-01-19 23:35:33.822 [main] INFO  testCases.TC001_accountRegistration - ****Finished Test-Case****
2026-01-19 23:35:38.004 [main] INFO  testCases.TC001_accountRegistration - ****Starting Test-Case****
2026-01-19 23:35:39.613 [main] INFO  testCases.TC001_accountRegistration - ****Opened homepage and clicked on register button****
2026-01-19 23:35:41.344 [main] INFO  testCases.TC001_accountRegistration - ****Sent user details for registration****
2026-01-19 23:35:41.373 [main] INFO  testCases.TC001_accountRegistration - Login passed and account has been created
2026-01-19 23:35:41.373 [main] INFO  testCases.TC001_accountRegistration - ****Finished Test-Case****
2026-01-19 23:35:46.878 [main] INFO  testCases.TC001_accountRegistration - ****Starting Test-Case****
2026-01-19 23:35:48.439 [main] INFO  testCases.TC001_accountRegistration - ****Opened homepage and clicked on register button****
2026-01-19 23:35:49.569 [main] INFO  testCases.TC001_accountRegistration - ****Sent user details for registration****
2026-01-19 23:35:49.588 [main] INFO  testCases.TC001_accountRegistration - Login passed and account has been created
2026-01-19 23:35:49.588 [main] INFO  testCases.TC001_accountRegistration - ****Finished Test-Case****
2026-01-19 23:41:45.019 [TestNG-tests-1] INFO  testCases.TC001_accountRegistration - ****Starting Test-Case****
2026-01-19 23:41:46.947 [TestNG-tests-2] INFO  testCases.TC001_accountRegistration - ****Starting Test-Case****
2026-01-19 23:41:47.164 [TestNG-tests-1] INFO  testCases.TC001_accountRegistration - ****Opened homepage and clicked on register button****
2026-01-19 23:41:48.779 [TestNG-tests-3] INFO  testCases.TC001_accountRegistration - ****Starting Test-Case****
2026-01-19 23:41:49.925 [TestNG-tests-3] INFO  testCases.TC001_accountRegistration - ****Opened homepage and clicked on register button****
2026-01-19 23:41:50.393 [TestNG-tests-2] INFO  testCases.TC001_accountRegistration - ****Opened homepage and clicked on register button****
2026-01-19 23:41:54.893 [TestNG-tests-1] INFO  testCases.TC001_accountRegistration - ****Sent user details for registration****
2026-01-19 23:41:54.935 [TestNG-tests-1] INFO  testCases.TC001_accountRegistration - Login passed and account has been created
2026-01-19 23:41:54.935 [TestNG-tests-1] INFO  testCases.TC001_accountRegistration - ****Finished Test-Case****
2026-01-19 23:41:55.005 [TestNG-tests-3] INFO  testCases.TC001_accountRegistration - ****Sent user details for registration****
2026-01-19 23:41:55.030 [TestNG-tests-3] INFO  testCases.TC001_accountRegistration - Login passed and account has been created
2026-01-19 23:41:55.030 [TestNG-tests-3] INFO  testCases.TC001_accountRegistration - ****Finished Test-Case****
2026-01-19 23:41:55.043 [TestNG-tests-2] INFO  testCases.TC001_accountRegistration - ****Sent user details for registration****
2026-01-19 23:41:55.090 [TestNG-tests-2] INFO  testCases.TC001_accountRegistration - Login passed and account has been created
2026-01-19 23:41:55.090 [TestNG-tests-2] INFO  testCases.TC001_accountRegistration - ****Finished Test-Case****
