2026-04-16 15:00:24.862 [main] INFO  testCases.TC001_accountRegistration - ****Starting Test-Case****
2026-04-16 15:00:25.639 [main] INFO  testCases.TC001_accountRegistration - ****Opened homepage and clicked on register button****
2026-04-16 15:00:27.783 [main] INFO  testCases.TC001_accountRegistration - ****Sent user details for registration****
2026-04-16 15:00:27.825 [main] INFO  testCases.TC001_accountRegistration - Login passed and account has been created
2026-04-16 15:00:27.825 [main] INFO  testCases.TC001_accountRegistration - ****Finished Test-Case****
2026-04-16 15:03:04.715 [main] INFO  testCases.TC001_accountRegistration - ****Starting Test-Case****
2026-04-16 15:03:05.469 [main] INFO  testCases.TC001_accountRegistration - ****Opened homepage and clicked on register button****
2026-04-16 15:03:07.945 [main] INFO  testCases.TC001_accountRegistration - ****Sent user details for registration****
2026-04-16 15:03:07.972 [main] INFO  testCases.TC001_accountRegistration - Login passed and account has been created
2026-04-16 15:03:07.972 [main] INFO  testCases.TC001_accountRegistration - ****Finished Test-Case****
2026-04-16 15:12:05.361 [main] INFO  testCases.TC001_accountRegistration - ****Starting Test-Case****
2026-04-16 15:12:06.700 [main] INFO  testCases.TC001_accountRegistration - ****Opened homepage and clicked on register button****
2026-04-16 15:12:15.776 [main] INFO  testCases.TC001_accountRegistration - ****Sent user details for registration****
2026-04-16 15:12:15.820 [main] INFO  testCases.TC001_accountRegistration - Login passed and account has been created
2026-04-16 15:12:15.821 [main] INFO  testCases.TC001_accountRegistration - ****Finished Test-Case****
2026-04-16 15:23:01.532 [main] INFO  testCases.TC001_accountRegistration - ****Starting Test-Case****
2026-04-16 15:23:02.078 [main] INFO  testCases.TC001_accountRegistration - ****Opened homepage and clicked on register button****
2026-04-16 15:23:02.756 [main] INFO  testCases.TC001_accountRegistration - ****Sent user details for registration****
2026-04-16 15:23:03.735 [main] INFO  testCases.TC001_accountRegistration - Login passed and account has been created
2026-04-16 15:23:03.735 [main] INFO  testCases.TC001_accountRegistration - ****Finished Test-Case****
